2020/03/18 16:38:06 [error] [php] Undefined variable: ml (C:\xampp\htdocs\aplikasiyii\protected\views\obat\index.php:34)
Stack trace:
#0 C:\xampp\htdocs\klinik_sederhana\framework\web\CController.php(872): ObatController->renderFile()
#1 C:\xampp\htdocs\klinik_sederhana\framework\web\CController.php(785): ObatController->renderPartial()
#2 C:\xampp\htdocs\aplikasiyii\protected\controllers\ObatController.php(130): ObatController->render()
#3 C:\xampp\htdocs\klinik_sederhana\framework\web\actions\CInlineAction.php(49): ObatController->actionIndex()
#4 C:\xampp\htdocs\klinik_sederhana\framework\web\CController.php(308): CInlineAction->runWithParams()
#5 C:\xampp\htdocs\klinik_sederhana\framework\web\filters\CFilterChain.php(134): ObatController->runAction()
#6 C:\xampp\htdocs\klinik_sederhana\framework\web\filters\CFilter.php(40): CFilterChain->run()
#7 C:\xampp\htdocs\klinik_sederhana\framework\web\CController.php(1148): CAccessControlFilter->filter()
#8 C:\xampp\htdocs\klinik_sederhana\framework\web\filters\CInlineFilter.php(58): ObatController->filterAccessControl()
#9 C:\xampp\htdocs\klinik_sederhana\framework\web\filters\CFilterChain.php(131): CInlineFilter->filter()
#10 C:\xampp\htdocs\klinik_sederhana\framework\web\CController.php(291): CFilterChain->run()
#11 C:\xampp\htdocs\klinik_sederhana\framework\web\CController.php(265): ObatController->runActionWithFilters()
#12 C:\xampp\htdocs\klinik_sederhana\framework\web\CWebApplication.php(282): ObatController->run()
#13 C:\xampp\htdocs\klinik_sederhana\framework\web\CWebApplication.php(141): CWebApplication->runController()
#14 C:\xampp\htdocs\klinik_sederhana\framework\base\CApplication.php(185): CWebApplication->processRequest()
#15 C:\xampp\htdocs\aplikasiyii\index.php(13): CWebApplication->run()
REQUEST_URI=/aplikasiyii/index.php?r=obat
in C:\xampp\htdocs\aplikasiyii\protected\views\obat\index.php (34)
in C:\xampp\htdocs\aplikasiyii\protected\controllers\ObatController.php (130)
in C:\xampp\htdocs\aplikasiyii\index.php (13)
2020/03/18 16:38:42 [error] [php] Undefined variable: modell (C:\xampp\htdocs\aplikasiyii\protected\views\obat\index.php:34)
Stack trace:
#0 C:\xampp\htdocs\klinik_sederhana\framework\web\CController.php(872): ObatController->renderFile()
#1 C:\xampp\htdocs\klinik_sederhana\framework\web\CController.php(785): ObatController->renderPartial()
#2 C:\xampp\htdocs\aplikasiyii\protected\controllers\ObatController.php(130): ObatController->render()
#3 C:\xampp\htdocs\klinik_sederhana\framework\web\actions\CInlineAction.php(49): ObatController->actionIndex()
#4 C:\xampp\htdocs\klinik_sederhana\framework\web\CController.php(308): CInlineAction->runWithParams()
#5 C:\xampp\htdocs\klinik_sederhana\framework\web\filters\CFilterChain.php(134): ObatController->runAction()
#6 C:\xampp\htdocs\klinik_sederhana\framework\web\filters\CFilter.php(40): CFilterChain->run()
#7 C:\xampp\htdocs\klinik_sederhana\framework\web\CController.php(1148): CAccessControlFilter->filter()
#8 C:\xampp\htdocs\klinik_sederhana\framework\web\filters\CInlineFilter.php(58): ObatController->filterAccessControl()
#9 C:\xampp\htdocs\klinik_sederhana\framework\web\filters\CFilterChain.php(131): CInlineFilter->filter()
#10 C:\xampp\htdocs\klinik_sederhana\framework\web\CController.php(291): CFilterChain->run()
#11 C:\xampp\htdocs\klinik_sederhana\framework\web\CController.php(265): ObatController->runActionWithFilters()
#12 C:\xampp\htdocs\klinik_sederhana\framework\web\CWebApplication.php(282): ObatController->run()
#13 C:\xampp\htdocs\klinik_sederhana\framework\web\CWebApplication.php(141): CWebApplication->runController()
#14 C:\xampp\htdocs\klinik_sederhana\framework\base\CApplication.php(185): CWebApplication->processRequest()
#15 C:\xampp\htdocs\aplikasiyii\index.php(13): CWebApplication->run()
REQUEST_URI=/aplikasiyii/index.php?r=obat
in C:\xampp\htdocs\aplikasiyii\protected\views\obat\index.php (34)
in C:\xampp\htdocs\aplikasiyii\protected\controllers\ObatController.php (130)
in C:\xampp\htdocs\aplikasiyii\index.php (13)
2020/03/18 16:38:49 [error] [php] Undefined index: id_tindakan (C:\xampp\htdocs\aplikasiyii\protected\views\obat\index.php:34)
Stack trace:
#0 C:\xampp\htdocs\klinik_sederhana\framework\web\CController.php(872): ObatController->renderFile()
#1 C:\xampp\htdocs\klinik_sederhana\framework\web\CController.php(785): ObatController->renderPartial()
#2 C:\xampp\htdocs\aplikasiyii\protected\controllers\ObatController.php(130): ObatController->render()
#3 C:\xampp\htdocs\klinik_sederhana\framework\web\actions\CInlineAction.php(49): ObatController->actionIndex()
#4 C:\xampp\htdocs\klinik_sederhana\framework\web\CController.php(308): CInlineAction->runWithParams()
#5 C:\xampp\htdocs\klinik_sederhana\framework\web\filters\CFilterChain.php(134): ObatController->runAction()
#6 C:\xampp\htdocs\klinik_sederhana\framework\web\filters\CFilter.php(40): CFilterChain->run()
#7 C:\xampp\htdocs\klinik_sederhana\framework\web\CController.php(1148): CAccessControlFilter->filter()
#8 C:\xampp\htdocs\klinik_sederhana\framework\web\filters\CInlineFilter.php(58): ObatController->filterAccessControl()
#9 C:\xampp\htdocs\klinik_sederhana\framework\web\filters\CFilterChain.php(131): CInlineFilter->filter()
#10 C:\xampp\htdocs\klinik_sederhana\framework\web\CController.php(291): CFilterChain->run()
#11 C:\xampp\htdocs\klinik_sederhana\framework\web\CController.php(265): ObatController->runActionWithFilters()
#12 C:\xampp\htdocs\klinik_sederhana\framework\web\CWebApplication.php(282): ObatController->run()
#13 C:\xampp\htdocs\klinik_sederhana\framework\web\CWebApplication.php(141): CWebApplication->runController()
#14 C:\xampp\htdocs\klinik_sederhana\framework\base\CApplication.php(185): CWebApplication->processRequest()
#15 C:\xampp\htdocs\aplikasiyii\index.php(13): CWebApplication->run()
REQUEST_URI=/aplikasiyii/index.php?r=obat
in C:\xampp\htdocs\aplikasiyii\protected\views\obat\index.php (34)
in C:\xampp\htdocs\aplikasiyii\protected\controllers\ObatController.php (130)
in C:\xampp\htdocs\aplikasiyii\index.php (13)
2020/03/18 16:48:03 [error] [php] Undefined index: id_obat (C:\xampp\htdocs\aplikasiyii\protected\views\pegawai\index.php:42)
Stack trace:
#0 C:\xampp\htdocs\klinik_sederhana\framework\web\CController.php(872): PegawaiController->renderFile()
#1 C:\xampp\htdocs\klinik_sederhana\framework\web\CController.php(785): PegawaiController->renderPartial()
#2 C:\xampp\htdocs\aplikasiyii\protected\controllers\PegawaiController.php(48): PegawaiController->render()
#3 C:\xampp\htdocs\klinik_sederhana\framework\web\actions\CInlineAction.php(49): PegawaiController->actionIndex()
#4 C:\xampp\htdocs\klinik_sederhana\framework\web\CController.php(308): CInlineAction->runWithParams()
#5 C:\xampp\htdocs\klinik_sederhana\framework\web\filters\CFilterChain.php(134): PegawaiController->runAction()
#6 C:\xampp\htdocs\klinik_sederhana\framework\web\filters\CFilter.php(40): CFilterChain->run()
#7 C:\xampp\htdocs\klinik_sederhana\framework\web\CController.php(1148): CAccessControlFilter->filter()
#8 C:\xampp\htdocs\klinik_sederhana\framework\web\filters\CInlineFilter.php(58): PegawaiController->filterAccessControl()
#9 C:\xampp\htdocs\klinik_sederhana\framework\web\filters\CFilterChain.php(131): CInlineFilter->filter()
#10 C:\xampp\htdocs\klinik_sederhana\framework\web\CController.php(291): CFilterChain->run()
#11 C:\xampp\htdocs\klinik_sederhana\framework\web\CController.php(265): PegawaiController->runActionWithFilters()
#12 C:\xampp\htdocs\klinik_sederhana\framework\web\CWebApplication.php(282): PegawaiController->run()
#13 C:\xampp\htdocs\klinik_sederhana\framework\web\CWebApplication.php(141): CWebApplication->runController()
#14 C:\xampp\htdocs\klinik_sederhana\framework\base\CApplication.php(185): CWebApplication->processRequest()
#15 C:\xampp\htdocs\aplikasiyii\index.php(13): CWebApplication->run()
REQUEST_URI=/aplikasiyii/index.php?r=pegawai
in C:\xampp\htdocs\aplikasiyii\protected\views\pegawai\index.php (42)
in C:\xampp\htdocs\aplikasiyii\protected\controllers\PegawaiController.php (48)
in C:\xampp\htdocs\aplikasiyii\index.php (13)
2020/03/18 16:48:19 [error] [php] Undefined index: nama_obat (C:\xampp\htdocs\aplikasiyii\protected\views\pegawai\index.php:43)
Stack trace:
#0 C:\xampp\htdocs\klinik_sederhana\framework\web\CController.php(872): PegawaiController->renderFile()
#1 C:\xampp\htdocs\klinik_sederhana\framework\web\CController.php(785): PegawaiController->renderPartial()
#2 C:\xampp\htdocs\aplikasiyii\protected\controllers\PegawaiController.php(48): PegawaiController->render()
#3 C:\xampp\htdocs\klinik_sederhana\framework\web\actions\CInlineAction.php(49): PegawaiController->actionIndex()
#4 C:\xampp\htdocs\klinik_sederhana\framework\web\CController.php(308): CInlineAction->runWithParams()
#5 C:\xampp\htdocs\klinik_sederhana\framework\web\filters\CFilterChain.php(134): PegawaiController->runAction()
#6 C:\xampp\htdocs\klinik_sederhana\framework\web\filters\CFilter.php(40): CFilterChain->run()
#7 C:\xampp\htdocs\klinik_sederhana\framework\web\CController.php(1148): CAccessControlFilter->filter()
#8 C:\xampp\htdocs\klinik_sederhana\framework\web\filters\CInlineFilter.php(58): PegawaiController->filterAccessControl()
#9 C:\xampp\htdocs\klinik_sederhana\framework\web\filters\CFilterChain.php(131): CInlineFilter->filter()
#10 C:\xampp\htdocs\klinik_sederhana\framework\web\CController.php(291): CFilterChain->run()
#11 C:\xampp\htdocs\klinik_sederhana\framework\web\CController.php(265): PegawaiController->runActionWithFilters()
#12 C:\xampp\htdocs\klinik_sederhana\framework\web\CWebApplication.php(282): PegawaiController->run()
#13 C:\xampp\htdocs\klinik_sederhana\framework\web\CWebApplication.php(141): CWebApplication->runController()
#14 C:\xampp\htdocs\klinik_sederhana\framework\base\CApplication.php(185): CWebApplication->processRequest()
#15 C:\xampp\htdocs\aplikasiyii\index.php(13): CWebApplication->run()
REQUEST_URI=/aplikasiyii/index.php?r=pegawai
in C:\xampp\htdocs\aplikasiyii\protected\views\pegawai\index.php (43)
in C:\xampp\htdocs\aplikasiyii\protected\controllers\PegawaiController.php (48)
in C:\xampp\htdocs\aplikasiyii\index.php (13)
2020/03/18 16:48:26 [error] [php] Undefined index: harga (C:\xampp\htdocs\aplikasiyii\protected\views\pegawai\index.php:44)
Stack trace:
#0 C:\xampp\htdocs\klinik_sederhana\framework\web\CController.php(872): PegawaiController->renderFile()
#1 C:\xampp\htdocs\klinik_sederhana\framework\web\CController.php(785): PegawaiController->renderPartial()
#2 C:\xampp\htdocs\aplikasiyii\protected\controllers\PegawaiController.php(48): PegawaiController->render()
#3 C:\xampp\htdocs\klinik_sederhana\framework\web\actions\CInlineAction.php(49): PegawaiController->actionIndex()
#4 C:\xampp\htdocs\klinik_sederhana\framework\web\CController.php(308): CInlineAction->runWithParams()
#5 C:\xampp\htdocs\klinik_sederhana\framework\web\filters\CFilterChain.php(134): PegawaiController->runAction()
#6 C:\xampp\htdocs\klinik_sederhana\framework\web\filters\CFilter.php(40): CFilterChain->run()
#7 C:\xampp\htdocs\klinik_sederhana\framework\web\CController.php(1148): CAccessControlFilter->filter()
#8 C:\xampp\htdocs\klinik_sederhana\framework\web\filters\CInlineFilter.php(58): PegawaiController->filterAccessControl()
#9 C:\xampp\htdocs\klinik_sederhana\framework\web\filters\CFilterChain.php(131): CInlineFilter->filter()
#10 C:\xampp\htdocs\klinik_sederhana\framework\web\CController.php(291): CFilterChain->run()
#11 C:\xampp\htdocs\klinik_sederhana\framework\web\CController.php(265): PegawaiController->runActionWithFilters()
#12 C:\xampp\htdocs\klinik_sederhana\framework\web\CWebApplication.php(282): PegawaiController->run()
#13 C:\xampp\htdocs\klinik_sederhana\framework\web\CWebApplication.php(141): CWebApplication->runController()
#14 C:\xampp\htdocs\klinik_sederhana\framework\base\CApplication.php(185): CWebApplication->processRequest()
#15 C:\xampp\htdocs\aplikasiyii\index.php(13): CWebApplication->run()
REQUEST_URI=/aplikasiyii/index.php?r=pegawai
in C:\xampp\htdocs\aplikasiyii\protected\views\pegawai\index.php (44)
in C:\xampp\htdocs\aplikasiyii\protected\controllers\PegawaiController.php (48)
in C:\xampp\htdocs\aplikasiyii\index.php (13)
2020/03/18 16:50:20 [error] [php] Undefined index: id_obat (C:\xampp\htdocs\aplikasiyii\protected\views\pegawai\index.php:48)
Stack trace:
#0 C:\xampp\htdocs\klinik_sederhana\framework\web\CController.php(872): PegawaiController->renderFile()
#1 C:\xampp\htdocs\klinik_sederhana\framework\web\CController.php(785): PegawaiController->renderPartial()
#2 C:\xampp\htdocs\aplikasiyii\protected\controllers\PegawaiController.php(48): PegawaiController->render()
#3 C:\xampp\htdocs\klinik_sederhana\framework\web\actions\CInlineAction.php(49): PegawaiController->actionIndex()
#4 C:\xampp\htdocs\klinik_sederhana\framework\web\CController.php(308): CInlineAction->runWithParams()
#5 C:\xampp\htdocs\klinik_sederhana\framework\web\filters\CFilterChain.php(134): PegawaiController->runAction()
#6 C:\xampp\htdocs\klinik_sederhana\framework\web\filters\CFilter.php(40): CFilterChain->run()
#7 C:\xampp\htdocs\klinik_sederhana\framework\web\CController.php(1148): CAccessControlFilter->filter()
#8 C:\xampp\htdocs\klinik_sederhana\framework\web\filters\CInlineFilter.php(58): PegawaiController->filterAccessControl()
#9 C:\xampp\htdocs\klinik_sederhana\framework\web\filters\CFilterChain.php(131): CInlineFilter->filter()
#10 C:\xampp\htdocs\klinik_sederhana\framework\web\CController.php(291): CFilterChain->run()
#11 C:\xampp\htdocs\klinik_sederhana\framework\web\CController.php(265): PegawaiController->runActionWithFilters()
#12 C:\xampp\htdocs\klinik_sederhana\framework\web\CWebApplication.php(282): PegawaiController->run()
#13 C:\xampp\htdocs\klinik_sederhana\framework\web\CWebApplication.php(141): CWebApplication->runController()
#14 C:\xampp\htdocs\klinik_sederhana\framework\base\CApplication.php(185): CWebApplication->processRequest()
#15 C:\xampp\htdocs\aplikasiyii\index.php(13): CWebApplication->run()
REQUEST_URI=/aplikasiyii/index.php?r=pegawai
in C:\xampp\htdocs\aplikasiyii\protected\views\pegawai\index.php (48)
in C:\xampp\htdocs\aplikasiyii\protected\controllers\PegawaiController.php (48)
in C:\xampp\htdocs\aplikasiyii\index.php (13)
2020/03/19 08:05:00 [error] [php] Use of undefined constant command - assumed 'command' (this will throw an Error in a future version of PHP) (C:\xampp\htdocs\aplikasiyii\protected\controllers\TagihanController.php:165)
Stack trace:
#0 C:\xampp\htdocs\klinik_sederhana\framework\web\filters\CFilterChain.php(134): TagihanController->runAction()
#1 C:\xampp\htdocs\klinik_sederhana\framework\web\filters\CFilter.php(40): CFilterChain->run()
#2 C:\xampp\htdocs\klinik_sederhana\framework\web\CController.php(1148): CAccessControlFilter->filter()
#3 C:\xampp\htdocs\klinik_sederhana\framework\web\filters\CInlineFilter.php(58): TagihanController->filterAccessControl()
#4 C:\xampp\htdocs\klinik_sederhana\framework\web\filters\CFilterChain.php(131): CInlineFilter->filter()
#5 C:\xampp\htdocs\klinik_sederhana\framework\web\CController.php(291): CFilterChain->run()
#6 C:\xampp\htdocs\klinik_sederhana\framework\web\CController.php(265): TagihanController->runActionWithFilters()
#7 C:\xampp\htdocs\klinik_sederhana\framework\web\CWebApplication.php(282): TagihanController->run()
#8 C:\xampp\htdocs\klinik_sederhana\framework\web\CWebApplication.php(141): CWebApplication->runController()
#9 C:\xampp\htdocs\klinik_sederhana\framework\base\CApplication.php(185): CWebApplication->processRequest()
#10 C:\xampp\htdocs\aplikasiyii\index.php(13): CWebApplication->run()
REQUEST_URI=/aplikasiyii/index.php?r=tagihan/index&id=18
in C:\xampp\htdocs\aplikasiyii\protected\controllers\TagihanController.php (165)
in C:\xampp\htdocs\aplikasiyii\index.php (13)
2020/03/19 10:02:43 [error] [exception.CException] CException: Property "Tagihan.status" is not defined. in C:\xampp\htdocs\klinik_sederhana\framework\base\CComponent.php:173
Stack trace:
#0 C:\xampp\htdocs\klinik_sederhana\framework\db\ar\CActiveRecord.php(162): CComponent->__set('status', 'belum lunas')
#1 C:\xampp\htdocs\aplikasiyii\protected\controllers\TindakanPasienController.php(115): CActiveRecord->__set('status', 'belum lunas')
#2 [internal function]: TindakanPasienController->actionCreate('1')
#3 C:\xampp\htdocs\klinik_sederhana\framework\web\actions\CAction.php(109): ReflectionMethod->invokeArgs(Object(TindakanPasienController), Array)
#4 C:\xampp\htdocs\klinik_sederhana\framework\web\actions\CInlineAction.php(47): CAction->runWithParamsInternal(Object(TindakanPasienController), Object(ReflectionMethod), Array)
#5 C:\xampp\htdocs\klinik_sederhana\framework\web\CController.php(308): CInlineAction->runWithParams(Array)
#6 C:\xampp\htdocs\klinik_sederhana\framework\web\filters\CFilterChain.php(134): CController->runAction(Object(CInlineAction))
#7 C:\xampp\htdocs\klinik_sederhana\framework\web\filters\CFilter.php(40): CFilterChain->run()
#8 C:\xampp\htdocs\klinik_sederhana\framework\web\CController.php(1148): CFilter->filter(Object(CFilterChain))
#9 C:\xampp\htdocs\klinik_sederhana\framework\web\filters\CInlineFilter.php(58): CController->filterAccessControl(Object(CFilterChain))
#10 C:\xampp\htdocs\klinik_sederhana\framework\web\filters\CFilterChain.php(131): CInlineFilter->filter(Object(CFilterChain))
#11 C:\xampp\htdocs\klinik_sederhana\framework\web\CController.php(291): CFilterChain->run()
#12 C:\xampp\htdocs\klinik_sederhana\framework\web\CController.php(265): CController->runActionWithFilters(Object(CInlineAction), Array)
#13 C:\xampp\htdocs\klinik_sederhana\framework\web\CWebApplication.php(282): CController->run('create')
#14 C:\xampp\htdocs\klinik_sederhana\framework\web\CWebApplication.php(141): CWebApplication->runController('tindakanPasien/...')
#15 C:\xampp\htdocs\klinik_sederhana\framework\base\CApplication.php(185): CWebApplication->processRequest()
#16 C:\xampp\htdocs\aplikasiyii\index.php(13): CApplication->run()
#17 {main}
REQUEST_URI=/aplikasiyii/index.php?r=tindakanPasien/create/oid/1
HTTP_REFERER=http://localhost/aplikasiyii/index.php?r=tindakanPasien/create/oid/1
---
